[debug] [2022-05-26T11:40:14.125Z] ----------------------------------------------------------------------
[debug] [2022-05-26T11:40:14.128Z] Command:       C:\Program Files\nodejs\node.exe C:\Users\allen\AppData\Roaming\npm\node_modules\firebase-tools\lib\bin\firebase.js init hosting
[debug] [2022-05-26T11:40:14.129Z] CLI Version:   11.0.1
[debug] [2022-05-26T11:40:14.129Z] Platform:      win32
[debug] [2022-05-26T11:40:14.129Z] Node Version:  v14.18.1
[debug] [2022-05-26T11:40:14.130Z] Time:          Thu May 26 2022 12:40:14 GMT+0100 (British Summer Time)
[debug] [2022-05-26T11:40:14.131Z] ----------------------------------------------------------------------
[debug] 
[debug] [2022-05-26T11:40:14.141Z] > command requires scopes: ["email","openid","https://www.googleapis.com/auth/cloudplatformprojects.readonly","https://www.googleapis.com/auth/firebase","https://www.googleapis.com/auth/cloud-platform"]
[debug] [2022-05-26T11:40:14.141Z] > authorizing via signed-in user (allenpip341@gmail.com)
[info] 
     ######## #### ########  ######## ########     ###     ######  ########
     ##        ##  ##     ## ##       ##     ##  ##   ##  ##       ##
     ######    ##  ########  ######   ########  #########  ######  ######
     ##        ##  ##    ##  ##       ##     ## ##     ##       ## ##
     ##       #### ##     ## ######## ########  ##     ##  ######  ########

You're about to initialize a Firebase project in this directory:

  C:\Users\allen\Desktop\firebase-upload

[info] 
=== Project Setup
[info] 
[info] First, let's associate this project directory with a Firebase project.
[info] You can create multiple project aliases by running firebase use --add, 
[info] but for now we'll just set up a default project.
[info] 
[debug] [2022-05-26T12:27:51.688Z] > refreshing access token with scopes: []
[debug] [2022-05-26T12:27:51.691Z] >>> HTTP REQUEST POST https://www.googleapis.com/oauth2/v3/token  
 <request body omitted>
[debug] [2022-05-26T12:27:51.930Z] <<< HTTP RESPONSE 200 {"pragma":"no-cache","expires":"Mon, 01 Jan 1990 00:00:00 GMT","cache-control":"no-cache, no-store, max-age=0, must-revalidate","date":"Thu, 26 May 2022 12:27:52 GMT","content-type":"application/json; charset=utf-8","vary":"X-Origin, Referer, Origin,Accept-Encoding","server":"scaffolding on HTTPServer2","x-xss-protection":"0","x-frame-options":"SAMEORIGIN","x-content-type-options":"nosniff","alt-svc":"h3=\":443\"; ma=2592000,h3-29=\":443\"; ma=2592000,h3-Q050=\":443\"; ma=2592000,h3-Q046=\":443\"; ma=2592000,h3-Q043=\":443\"; ma=2592000,quic=\":443\"; ma=2592000; v=\"46,43\"","accept-ranges":"none","transfer-encoding":"chunked"}
[debug] [2022-05-26T12:27:52.022Z] >>> [apiv2][query] GET https://firebase.googleapis.com/v1beta1/projects pageSize=100
[debug] [2022-05-26T12:27:52.630Z] <<< [apiv2][status] GET https://firebase.googleapis.com/v1beta1/projects 200
[debug] [2022-05-26T12:27:52.631Z] <<< [apiv2][body] GET https://firebase.googleapis.com/v1beta1/projects [omitted]
[info] i  Using project dorethy-s-somecrust ( Dorethy's SomeCrust) 
[info] 
=== Hosting Setup
[info] 
[info] Your public directory is the folder (relative to your project directory) that
[info] will contain Hosting assets to be uploaded with firebase deploy. If you
[info] have a build process for your assets, use your build's output directory.
[info] 
[info] +  Wrote build/404.html 
[debug] [2022-05-26T12:29:14.084Z] >>> [apiv2][query] GET https://www.gstatic.com/firebasejs/releases.json [none]
[debug] [2022-05-26T12:29:14.329Z] <<< [apiv2][status] GET https://www.gstatic.com/firebasejs/releases.json 200
[debug] [2022-05-26T12:29:14.330Z] <<< [apiv2][body] GET https://www.gstatic.com/firebasejs/releases.json {"current":{"version":"9.8.1","browserURL":"https://www.gstatic.com/firebasejs/9.8.1/firebase.js","packageURL":"https://www.gstatic.com/firebasejs/9.8.1/firebase.tgz"},"live":{"version":"9.8","browserURL":"https://www.gstatic.com/firebasejs/live/9.8/firebase.js","packageURL":"https://www.gstatic.com/firebasejs/live/9.8/firebase.tgz"},"components":{"analytics":"https://www.gstatic.com/firebasejs/9.8.1/firebase-analytics.js","app":"https://www.gstatic.com/firebasejs/9.8.1/firebase-app.js","app-check":"https://www.gstatic.com/firebasejs/9.8.1/firebase-app-check.js","auth":"https://www.gstatic.com/firebasejs/9.8.1/firebase-auth.js","auth/cordova":"https://www.gstatic.com/firebasejs/9.8.1/firebase-auth/cordova.js","auth/react-native":"https://www.gstatic.com/firebasejs/9.8.1/firebase-auth/react-native.js","functions":"https://www.gstatic.com/firebasejs/9.8.1/firebase-functions.js","firestore":"https://www.gstatic.com/firebasejs/9.8.1/firebase-firestore.js","firestore/lite":"https://www.gstatic.com/firebasejs/9.8.1/firebase-firestore/lite.js","storage":"https://www.gstatic.com/firebasejs/9.8.1/firebase-storage.js","performance":"https://www.gstatic.com/firebasejs/9.8.1/firebase-performance.js","remote-config":"https://www.gstatic.com/firebasejs/9.8.1/firebase-remote-config.js","messaging":"https://www.gstatic.com/firebasejs/9.8.1/firebase-messaging.js","messaging/sw":"https://www.gstatic.com/firebasejs/9.8.1/firebase-messaging/sw.js","database":"https://www.gstatic.com/firebasejs/9.8.1/firebase-database.js","firestore.memory":"https://www.gstatic.com/firebasejs/9.8.1/firebase-firestore.memory.js"}}
[info] +  Wrote build/index.html 
[info] 
[info] i  Detected a .git folder at C:\Users\allen\Desktop\firebase-upload 
[info] i  Authorizing with GitHub to upload your service account to a GitHub repository's secrets store. 
[info] 
[info] Visit this URL on this device to log in:
[info] https://github.com/login/oauth/authorize?client_id=89cf50f02ac6aaed3484&state=488372437&redirect_uri=http%3A%2F%2Flocalhost%3A9005&scope=read%3Auser%20repo%20public_repo
[info] 
[info] Waiting for authentication...
[debug] [2022-05-26T12:29:32.261Z] >>> HTTP REQUEST POST https://github.com/login/oauth/access_token  
 {"client_id":"89cf50f02ac6aaed3484","client_secret":"3330d14abc895d9a74d5f17cd7a00711fa2c5bf0","code":"8d33465b57aab6d4e7f7","redirect_uri":"http://localhost:9005","state":"488372437"}
[debug] [2022-05-26T12:29:32.692Z] <<< HTTP RESPONSE 200 {"server":"GitHub.com","date":"Thu, 26 May 2022 12:29:33 GMT","content-type":"application/json; charset=utf-8","transfer-encoding":"chunked","vary":"X-PJAX, X-PJAX-Container, Turbo-Visit, Turbo-Frame, Accept-Encoding, Accept, X-Requested-With","permissions-policy":"interest-cohort=()","etag":"W/\"449d83fb12a42e45fda14a6b05cb6795\"","cache-control":"max-age=0, private, must-revalidate","strict-transport-security":"max-age=31536000; includeSubdomains; preload","x-frame-options":"deny","x-content-type-options":"nosniff","x-xss-protection":"0","referrer-policy":"origin-when-cross-origin, strict-origin-when-cross-origin","expect-ct":"max-age=2592000, report-uri=\"https://api.github.com/_private/browser/errors\"","content-security-policy":"default-src 'none'; base-uri 'self'; block-all-mixed-content; child-src github.com/assets-cdn/worker/ gist.github.com/assets-cdn/worker/; connect-src 'self' uploads.github.com objects-origin.githubusercontent.com www.githubstatus.com collector.github.com raw.githubusercontent.com api.github.com github-cloud.s3.amazonaws.com github-production-repository-file-5c1aeb.s3.amazonaws.com github-production-upload-manifest-file-7fdce7.s3.amazonaws.com github-production-user-asset-6210df.s3.amazonaws.com cdn.optimizely.com logx.optimizely.com/v1/events *.actions.githubusercontent.com wss://*.actions.githubusercontent.com online.visualstudio.com/api/v1/locations github-production-repository-image-32fea6.s3.amazonaws.com github-production-release-asset-2e65be.s3.amazonaws.com insights.github.com wss://alive.github.com; font-src github.githubassets.com; form-action 'self' github.com gist.github.com objects-origin.githubusercontent.com; frame-ancestors 'none'; frame-src render.githubusercontent.com viewscreen.githubusercontent.com notebooks.githubusercontent.com; img-src 'self' data: github.githubassets.com identicons.github.com github-cloud.s3.amazonaws.com secured-user-images.githubusercontent.com/ github-production-user-asset-6210df.s3.amazonaws.com *.githubusercontent.com; manifest-src 'self'; media-src github.com user-images.githubusercontent.com/; script-src github.githubassets.com; style-src 'unsafe-inline' github.githubassets.com; worker-src github.com/assets-cdn/worker/ gist.github.com/assets-cdn/worker/","x-github-request-id":"C5E0:F68A:1D9092:2261EE:628F72AD"}
[debug] [2022-05-26T12:29:32.703Z] >>> [apiv2][query] GET https://api.github.com/user [none]
[debug] [2022-05-26T12:29:33.050Z] <<< [apiv2][status] GET https://api.github.com/user 200
[debug] [2022-05-26T12:29:33.051Z] <<< [apiv2][body] GET https://api.github.com/user {"login":"pippa789","id":90054137,"node_id":"MDQ6VXNlcjkwMDU0MTM3","avatar_url":"https://avatars.githubusercontent.com/u/90054137?v=4","gravatar_id":"","url":"https://api.github.com/users/pippa789","html_url":"https://github.com/pippa789","followers_url":"https://api.github.com/users/pippa789/followers","following_url":"https://api.github.com/users/pippa789/following{/other_user}","gists_url":"https://api.github.com/users/pippa789/gists{/gist_id}","starred_url":"https://api.github.com/users/pippa789/starred{/owner}{/repo}","subscriptions_url":"https://api.github.com/users/pippa789/subscriptions","organizations_url":"https://api.github.com/users/pippa789/orgs","repos_url":"https://api.github.com/users/pippa789/repos","events_url":"https://api.github.com/users/pippa789/events{/privacy}","received_events_url":"https://api.github.com/users/pippa789/received_events","type":"User","site_admin":false,"name":null,"company":null,"blog":"","location":null,"email":null,"hireable":null,"bio":null,"twitter_username":null,"public_repos":23,"public_gists":1,"followers":1,"following":0,"created_at":"2021-09-03T14:53:45Z","updated_at":"2022-04-12T13:13:18Z","private_gists":0,"total_private_repos":0,"owned_private_repos":0,"disk_usage":18261,"collaborators":0,"two_factor_authentication":false,"plan":{"name":"free","space":976562499,"collaborators":0,"private_repos":10000}}
[info] 
[info] +  Success! Logged into GitHub as pippa789 
[info] 
[debug] [2022-05-26T12:33:09.533Z] >>> [apiv2][query] GET https://api.github.com/repos/pippa789/firebase-social-website/actions/secrets/public-key type=owner
[debug] [2022-05-26T12:33:09.899Z] <<< [apiv2][status] GET https://api.github.com/repos/pippa789/firebase-social-website/actions/secrets/public-key 404
[debug] [2022-05-26T12:33:09.900Z] <<< [apiv2][body] GET https://api.github.com/repos/pippa789/firebase-social-website/actions/secrets/public-key {"message":"Not Found","documentation_url":"https://docs.github.com/rest/reference/actions#get-a-repository-public-key"}
[debug] [2022-05-26T12:33:47.965Z] >>> [apiv2][query] GET https://api.github.com/repos/pippa789/firebase-social-website/actions/secrets/public-key type=owner
[debug] [2022-05-26T12:33:48.280Z] <<< [apiv2][status] GET https://api.github.com/repos/pippa789/firebase-social-website/actions/secrets/public-key 404
[debug] [2022-05-26T12:33:48.280Z] <<< [apiv2][body] GET https://api.github.com/repos/pippa789/firebase-social-website/actions/secrets/public-key {"message":"Not Found","documentation_url":"https://docs.github.com/rest/reference/actions#get-a-repository-public-key"}
[debug] [2022-05-26T12:34:38.545Z] >>> [apiv2][query] GET https://api.github.com/repos//actions/secrets/public-key type=owner
[debug] [2022-05-26T12:34:38.893Z] <<< [apiv2][status] GET https://api.github.com/repos//actions/secrets/public-key 404
[debug] [2022-05-26T12:34:38.894Z] <<< [apiv2][body] GET https://api.github.com/repos//actions/secrets/public-key {"message":"Not Found","documentation_url":"https://docs.github.com/rest"}
[debug] [2022-05-26T13:08:59.327Z] >>> [apiv2][query] GET https://api.github.com/repos/pippa789/firebase-social-website /actions/secrets/public-key type=owner
[debug] [2022-05-26T13:08:59.634Z] <<< [apiv2][status] GET https://api.github.com/repos/pippa789/firebase-social-website /actions/secrets/public-key 404
[debug] [2022-05-26T13:08:59.634Z] <<< [apiv2][body] GET https://api.github.com/repos/pippa789/firebase-social-website /actions/secrets/public-key {"message":"Not Found","documentation_url":"https://docs.github.com/rest/reference/actions#get-a-repository-public-key"}
[debug] [2022-05-26T13:09:00.893Z] >>> [apiv2][query] GET https://api.github.com/repos/pippa789/firebase-social-website /actions/secrets/public-key type=owner
[debug] [2022-05-26T13:09:01.186Z] <<< [apiv2][status] GET https://api.github.com/repos/pippa789/firebase-social-website /actions/secrets/public-key 404
[debug] [2022-05-26T13:09:01.187Z] <<< [apiv2][body] GET https://api.github.com/repos/pippa789/firebase-social-website /actions/secrets/public-key {"message":"Not Found","documentation_url":"https://docs.github.com/rest/reference/actions#get-a-repository-public-key"}
[debug] [2022-05-26T13:09:08.708Z] >>> [apiv2][query] GET https://api.github.com/repos/pippa789/firebase-social-website clear/actions/secrets/public-key type=owner
[debug] [2022-05-26T13:09:09.034Z] <<< [apiv2][status] GET https://api.github.com/repos/pippa789/firebase-social-website clear/actions/secrets/public-key 404
[debug] [2022-05-26T13:09:09.034Z] <<< [apiv2][body] GET https://api.github.com/repos/pippa789/firebase-social-website clear/actions/secrets/public-key {"message":"Not Found","documentation_url":"https://docs.github.com/rest/reference/actions#get-a-repository-public-key"}
[debug] [2022-05-26T13:09:18.678Z] >>> [apiv2][query] GET https://api.github.com/repos/pippa789/firebase-social-website /actions/secrets/public-key type=owner
[debug] [2022-05-26T13:09:18.904Z] >>> [apiv2][query] GET https://api.github.com/repos//actions/secrets/public-key type=owner
[debug] [2022-05-26T13:09:18.953Z] <<< [apiv2][status] GET https://api.github.com/repos/pippa789/firebase-social-website /actions/secrets/public-key 404
[debug] [2022-05-26T13:09:18.953Z] <<< [apiv2][body] GET https://api.github.com/repos/pippa789/firebase-social-website /actions/secrets/public-key {"message":"Not Found","documentation_url":"https://docs.github.com/rest/reference/actions#get-a-repository-public-key"}
[debug] [2022-05-26T13:09:19.104Z] >>> [apiv2][query] GET https://api.github.com/repos/pippa789/firebase-social-website /actions/secrets/public-key type=owner
[debug] [2022-05-26T13:09:19.160Z] <<< [apiv2][status] GET https://api.github.com/repos//actions/secrets/public-key 404
[debug] [2022-05-26T13:09:19.160Z] <<< [apiv2][body] GET https://api.github.com/repos//actions/secrets/public-key {"message":"Not Found","documentation_url":"https://docs.github.com/rest"}
[debug] [2022-05-26T13:09:19.275Z] >>> [apiv2][query] GET https://api.github.com/repos//actions/secrets/public-key type=owner
[debug] [2022-05-26T13:09:19.370Z] <<< [apiv2][status] GET https://api.github.com/repos/pippa789/firebase-social-website /actions/secrets/public-key 404
[debug] [2022-05-26T13:09:19.371Z] <<< [apiv2][body] GET https://api.github.com/repos/pippa789/firebase-social-website /actions/secrets/public-key {"message":"Not Found","documentation_url":"https://docs.github.com/rest/reference/actions#get-a-repository-public-key"}
[debug] [2022-05-26T13:09:19.539Z] <<< [apiv2][status] GET https://api.github.com/repos//actions/secrets/public-key 404
[debug] [2022-05-26T13:09:19.539Z] <<< [apiv2][body] GET https://api.github.com/repos//actions/secrets/public-key {"message":"Not Found","documentation_url":"https://docs.github.com/rest"}
[debug] [2022-05-26T13:09:19.781Z] >>> [apiv2][query] GET https://api.github.com/repos/pippa789/firebase-social-website /actions/secrets/public-key type=owner
[debug] [2022-05-26T13:09:19.810Z] >>> [apiv2][query] GET https://api.github.com/repos//actions/secrets/public-key type=owner
[debug] [2022-05-26T13:09:19.840Z] >>> [apiv2][query] GET https://api.github.com/repos//actions/secrets/public-key type=owner
[debug] [2022-05-26T13:09:19.871Z] >>> [apiv2][query] GET https://api.github.com/repos//actions/secrets/public-key type=owner
[debug] [2022-05-26T13:09:19.902Z] >>> [apiv2][query] GET https://api.github.com/repos//actions/secrets/public-key type=owner
[debug] [2022-05-26T13:09:19.933Z] >>> [apiv2][query] GET https://api.github.com/repos//actions/secrets/public-key type=owner
[debug] [2022-05-26T13:09:19.963Z] >>> [apiv2][query] GET https://api.github.com/repos//actions/secrets/public-key type=owner
[debug] [2022-05-26T13:09:19.994Z] >>> [apiv2][query] GET https://api.github.com/repos//actions/secrets/public-key type=owner
[debug] [2022-05-26T13:09:20.024Z] >>> [apiv2][query] GET https://api.github.com/repos//actions/secrets/public-key type=owner
[debug] [2022-05-26T13:09:20.043Z] <<< [apiv2][status] GET https://api.github.com/repos/pippa789/firebase-social-website /actions/secrets/public-key 404
[debug] [2022-05-26T13:09:20.043Z] <<< [apiv2][body] GET https://api.github.com/repos/pippa789/firebase-social-website /actions/secrets/public-key {"message":"Not Found","documentation_url":"https://docs.github.com/rest/reference/actions#get-a-repository-public-key"}
[debug] [2022-05-26T13:09:20.059Z] >>> [apiv2][query] GET https://api.github.com/repos/pippa789/firebase-social-website /actions/secrets/public-key type=owner
[debug] [2022-05-26T13:09:20.072Z] <<< [apiv2][status] GET https://api.github.com/repos//actions/secrets/public-key 404
[debug] [2022-05-26T13:09:20.072Z] <<< [apiv2][body] GET https://api.github.com/repos//actions/secrets/public-key {"message":"Not Found","documentation_url":"https://docs.github.com/rest"}
[debug] [2022-05-26T13:09:20.089Z] >>> [apiv2][query] GET https://api.github.com/repos//actions/secrets/public-key type=owner
[debug] [2022-05-26T13:09:20.097Z] <<< [apiv2][status] GET https://api.github.com/repos//actions/secrets/public-key 404
[debug] [2022-05-26T13:09:20.098Z] <<< [apiv2][body] GET https://api.github.com/repos//actions/secrets/public-key {"message":"Not Found","documentation_url":"https://docs.github.com/rest"}
[debug] [2022-05-26T13:09:20.121Z] >>> [apiv2][query] GET https://api.github.com/repos//actions/secrets/public-key type=owner
[debug] [2022-05-26T13:09:20.137Z] <<< [apiv2][status] GET https://api.github.com/repos//actions/secrets/public-key 404
[debug] [2022-05-26T13:09:20.137Z] <<< [apiv2][body] GET https://api.github.com/repos//actions/secrets/public-key {"message":"Not Found","documentation_url":"https://docs.github.com/rest"}
[debug] [2022-05-26T13:09:20.153Z] >>> [apiv2][query] GET https://api.github.com/repos//actions/secrets/public-key type=owner
[debug] [2022-05-26T13:09:20.180Z] >>> [apiv2][query] GET https://api.github.com/repos//actions/secrets/public-key type=owner
[debug] [2022-05-26T13:09:20.191Z] <<< [apiv2][status] GET https://api.github.com/repos//actions/secrets/public-key 404
[debug] [2022-05-26T13:09:20.192Z] <<< [apiv2][body] GET https://api.github.com/repos//actions/secrets/public-key {"message":"Not Found","documentation_url":"https://docs.github.com/rest"}
[debug] [2022-05-26T13:09:20.205Z] <<< [apiv2][status] GET https://api.github.com/repos//actions/secrets/public-key 404
[debug] [2022-05-26T13:09:20.205Z] <<< [apiv2][body] GET https://api.github.com/repos//actions/secrets/public-key {"message":"Not Found","documentation_url":"https://docs.github.com/rest"}
[debug] [2022-05-26T13:09:20.206Z] <<< [apiv2][status] GET https://api.github.com/repos//actions/secrets/public-key 404
[debug] [2022-05-26T13:09:20.206Z] <<< [apiv2][body] GET https://api.github.com/repos//actions/secrets/public-key {"message":"Not Found","documentation_url":"https://docs.github.com/rest"}
[debug] [2022-05-26T13:09:20.216Z] >>> [apiv2][query] GET https://api.github.com/repos//actions/secrets/public-key type=owner
[debug] [2022-05-26T13:09:20.237Z] <<< [apiv2][status] GET https://api.github.com/repos//actions/secrets/public-key 404
[debug] [2022-05-26T13:09:20.237Z] <<< [apiv2][body] GET https://api.github.com/repos//actions/secrets/public-key {"message":"Not Found","documentation_url":"https://docs.github.com/rest"}
[debug] [2022-05-26T13:09:20.241Z] >>> [apiv2][query] GET https://api.github.com/repos//actions/secrets/public-key type=owner
[debug] [2022-05-26T13:09:20.271Z] >>> [apiv2][query] GET https://api.github.com/repos//actions/secrets/public-key type=owner
[debug] [2022-05-26T13:09:20.290Z] <<< [apiv2][status] GET https://api.github.com/repos//actions/secrets/public-key 404
[debug] [2022-05-26T13:09:20.290Z] <<< [apiv2][body] GET https://api.github.com/repos//actions/secrets/public-key {"message":"Not Found","documentation_url":"https://docs.github.com/rest"}
[debug] [2022-05-26T13:09:20.301Z] >>> [apiv2][query] GET https://api.github.com/repos//actions/secrets/public-key type=owner
[debug] [2022-05-26T13:09:20.344Z] >>> [apiv2][query] GET https://api.github.com/repos//actions/secrets/public-key type=owner
[debug] [2022-05-26T13:09:20.354Z] <<< [apiv2][status] GET https://api.github.com/repos/pippa789/firebase-social-website /actions/secrets/public-key 404
[debug] [2022-05-26T13:09:20.354Z] <<< [apiv2][body] GET https://api.github.com/repos/pippa789/firebase-social-website /actions/secrets/public-key {"message":"Not Found","documentation_url":"https://docs.github.com/rest/reference/actions#get-a-repository-public-key"}
[debug] [2022-05-26T13:09:20.356Z] <<< [apiv2][status] GET https://api.github.com/repos//actions/secrets/public-key 404
[debug] [2022-05-26T13:09:20.357Z] <<< [apiv2][body] GET https://api.github.com/repos//actions/secrets/public-key {"message":"Not Found","documentation_url":"https://docs.github.com/rest"}
[debug] [2022-05-26T13:09:20.376Z] >>> [apiv2][query] GET https://api.github.com/repos/pippa789/firebase-social-website /actions/secrets/public-key type=owner
[debug] [2022-05-26T13:09:20.383Z] <<< [apiv2][status] GET https://api.github.com/repos//actions/secrets/public-key 404
[debug] [2022-05-26T13:09:20.383Z] <<< [apiv2][body] GET https://api.github.com/repos//actions/secrets/public-key {"message":"Not Found","documentation_url":"https://docs.github.com/rest"}
[debug] [2022-05-26T13:09:20.395Z] >>> [apiv2][query] GET https://api.github.com/repos//actions/secrets/public-key type=owner
[debug] [2022-05-26T13:09:20.405Z] <<< [apiv2][status] GET https://api.github.com/repos//actions/secrets/public-key 404
[debug] [2022-05-26T13:09:20.405Z] <<< [apiv2][body] GET https://api.github.com/repos//actions/secrets/public-key {"message":"Not Found","documentation_url":"https://docs.github.com/rest"}
[debug] [2022-05-26T13:09:20.424Z] >>> [apiv2][query] GET https://api.github.com/repos//actions/secrets/public-key type=owner
[debug] [2022-05-26T13:09:20.446Z] <<< [apiv2][status] GET https://api.github.com/repos//actions/secrets/public-key 404
[debug] [2022-05-26T13:09:20.446Z] <<< [apiv2][body] GET https://api.github.com/repos//actions/secrets/public-key {"message":"Not Found","documentation_url":"https://docs.github.com/rest"}
[debug] [2022-05-26T13:09:20.453Z] >>> [apiv2][query] GET https://api.github.com/repos//actions/secrets/public-key type=owner
[debug] [2022-05-26T13:09:20.489Z] >>> [apiv2][query] GET https://api.github.com/repos//actions/secrets/public-key type=owner
[debug] [2022-05-26T13:09:20.493Z] <<< [apiv2][status] GET https://api.github.com/repos//actions/secrets/public-key 404
[debug] [2022-05-26T13:09:20.493Z] <<< [apiv2][body] GET https://api.github.com/repos//actions/secrets/public-key {"message":"Not Found","documentation_url":"https://docs.github.com/rest"}
[debug] [2022-05-26T13:09:20.502Z] <<< [apiv2][status] GET https://api.github.com/repos//actions/secrets/public-key 404
[debug] [2022-05-26T13:09:20.502Z] <<< [apiv2][body] GET https://api.github.com/repos//actions/secrets/public-key {"message":"Not Found","documentation_url":"https://docs.github.com/rest"}
[debug] [2022-05-26T13:09:20.515Z] >>> [apiv2][query] GET https://api.github.com/repos//actions/secrets/public-key type=owner
[debug] [2022-05-26T13:09:20.523Z] <<< [apiv2][status] GET https://api.github.com/repos//actions/secrets/public-key 404
[debug] [2022-05-26T13:09:20.523Z] <<< [apiv2][body] GET https://api.github.com/repos//actions/secrets/public-key {"message":"Not Found","documentation_url":"https://docs.github.com/rest"}
[debug] [2022-05-26T13:09:20.547Z] >>> [apiv2][query] GET https://api.github.com/repos//actions/secrets/public-key type=owner
[debug] [2022-05-26T13:09:20.552Z] <<< [apiv2][status] GET https://api.github.com/repos//actions/secrets/public-key 404
[debug] [2022-05-26T13:09:20.553Z] <<< [apiv2][body] GET https://api.github.com/repos//actions/secrets/public-key {"message":"Not Found","documentation_url":"https://docs.github.com/rest"}
[debug] [2022-05-26T13:09:20.575Z] >>> [apiv2][query] GET https://api.github.com/repos//actions/secrets/public-key type=owner
[debug] [2022-05-26T13:09:20.597Z] <<< [apiv2][status] GET https://api.github.com/repos//actions/secrets/public-key 404
[debug] [2022-05-26T13:09:20.597Z] <<< [apiv2][body] GET https://api.github.com/repos//actions/secrets/public-key {"message":"Not Found","documentation_url":"https://docs.github.com/rest"}
[debug] [2022-05-26T13:09:20.612Z] >>> [apiv2][query] GET https://api.github.com/repos//actions/secrets/public-key type=owner
[debug] [2022-05-26T13:09:20.637Z] >>> [apiv2][query] GET https://api.github.com/repos//actions/secrets/public-key type=owner
[debug] [2022-05-26T13:09:20.650Z] <<< [apiv2][status] GET https://api.github.com/repos/pippa789/firebase-social-website /actions/secrets/public-key 404
[debug] [2022-05-26T13:09:20.650Z] <<< [apiv2][body] GET https://api.github.com/repos/pippa789/firebase-social-website /actions/secrets/public-key {"message":"Not Found","documentation_url":"https://docs.github.com/rest/reference/actions#get-a-repository-public-key"}
[debug] [2022-05-26T13:09:20.654Z] <<< [apiv2][status] GET https://api.github.com/repos//actions/secrets/public-key 404
[debug] [2022-05-26T13:09:20.654Z] <<< [apiv2][body] GET https://api.github.com/repos//actions/secrets/public-key {"message":"Not Found","documentation_url":"https://docs.github.com/rest"}
[debug] [2022-05-26T13:09:20.669Z] >>> [apiv2][query] GET https://api.github.com/repos/pippa789/firebase-social-website /actions/secrets/public-key type=owner
[debug] [2022-05-26T13:09:20.673Z] <<< [apiv2][status] GET https://api.github.com/repos//actions/secrets/public-key 404
[debug] [2022-05-26T13:09:20.673Z] <<< [apiv2][body] GET https://api.github.com/repos//actions/secrets/public-key {"message":"Not Found","documentation_url":"https://docs.github.com/rest"}
[debug] [2022-05-26T13:09:20.699Z] >>> [apiv2][query] GET https://api.github.com/repos//actions/secrets/public-key type=owner
[debug] [2022-05-26T13:09:20.728Z] >>> [apiv2][query] GET https://api.github.com/repos//actions/secrets/public-key type=owner
[debug] [2022-05-26T13:09:20.757Z] >>> [apiv2][query] GET https://api.github.com/repos//actions/secrets/public-key type=owner
[debug] [2022-05-26T13:09:20.760Z] <<< [apiv2][status] GET https://api.github.com/repos//actions/secrets/public-key 404
[debug] [2022-05-26T13:09:20.761Z] <<< [apiv2][body] GET https://api.github.com/repos//actions/secrets/public-key {"message":"Not Found","documentation_url":"https://docs.github.com/rest"}
[debug] [2022-05-26T13:09:20.764Z] <<< [apiv2][status] GET https://api.github.com/repos//actions/secrets/public-key 404
[debug] [2022-05-26T13:09:20.764Z] <<< [apiv2][body] GET https://api.github.com/repos//actions/secrets/public-key {"message":"Not Found","documentation_url":"https://docs.github.com/rest"}
[debug] [2022-05-26T13:09:20.768Z] <<< [apiv2][status] GET https://api.github.com/repos//actions/secrets/public-key 404
[debug] [2022-05-26T13:09:20.768Z] <<< [apiv2][body] GET https://api.github.com/repos//actions/secrets/public-key {"message":"Not Found","documentation_url":"https://docs.github.com/rest"}
[debug] [2022-05-26T13:09:20.793Z] >>> [apiv2][query] GET https://api.github.com/repos//actions/secrets/public-key type=owner
[debug] [2022-05-26T13:09:20.801Z] <<< [apiv2][status] GET https://api.github.com/repos//actions/secrets/public-key 404
[debug] [2022-05-26T13:09:20.802Z] <<< [apiv2][body] GET https://api.github.com/repos//actions/secrets/public-key {"message":"Not Found","documentation_url":"https://docs.github.com/rest"}
[debug] [2022-05-26T13:09:20.820Z] >>> [apiv2][query] GET https://api.github.com/repos//actions/secrets/public-key type=owner
[debug] [2022-05-26T13:09:20.856Z] >>> [apiv2][query] GET https://api.github.com/repos//actions/secrets/public-key type=owner
[debug] [2022-05-26T13:09:20.862Z] <<< [apiv2][status] GET https://api.github.com/repos//actions/secrets/public-key 404
[debug] [2022-05-26T13:09:20.863Z] <<< [apiv2][body] GET https://api.github.com/repos//actions/secrets/public-key {"message":"Not Found","documentation_url":"https://docs.github.com/rest"}
[debug] [2022-05-26T13:09:20.877Z] >>> [apiv2][query] GET https://api.github.com/repos//actions/secrets/public-key type=owner
[debug] [2022-05-26T13:09:20.907Z] >>> [apiv2][query] GET https://api.github.com/repos//actions/secrets/public-key type=owner
[debug] [2022-05-26T13:09:20.910Z] <<< [apiv2][status] GET https://api.github.com/repos//actions/secrets/public-key 404
[debug] [2022-05-26T13:09:20.911Z] <<< [apiv2][body] GET https://api.github.com/repos//actions/secrets/public-key {"message":"Not Found","documentation_url":"https://docs.github.com/rest"}
[debug] [2022-05-26T13:09:20.920Z] <<< [apiv2][status] GET https://api.github.com/repos//actions/secrets/public-key 404
[debug] [2022-05-26T13:09:20.920Z] <<< [apiv2][body] GET https://api.github.com/repos//actions/secrets/public-key {"message":"Not Found","documentation_url":"https://docs.github.com/rest"}
[debug] [2022-05-26T13:09:20.937Z] >>> [apiv2][query] GET https://api.github.com/repos//actions/secrets/public-key type=owner
[debug] [2022-05-26T13:09:20.965Z] <<< [apiv2][status] GET https://api.github.com/repos//actions/secrets/public-key 404
[debug] [2022-05-26T13:09:20.965Z] <<< [apiv2][body] GET https://api.github.com/repos//actions/secrets/public-key {"message":"Not Found","documentation_url":"https://docs.github.com/rest"}
[debug] [2022-05-26T13:09:20.968Z] >>> [apiv2][query] GET https://api.github.com/repos//actions/secrets/public-key type=owner
[debug] [2022-05-26T13:09:20.974Z] <<< [apiv2][status] GET https://api.github.com/repos/pippa789/firebase-social-website /actions/secrets/public-key 404
[debug] [2022-05-26T13:09:20.974Z] <<< [apiv2][body] GET https://api.github.com/repos/pippa789/firebase-social-website /actions/secrets/public-key {"message":"Not Found","documentation_url":"https://docs.github.com/rest/reference/actions#get-a-repository-public-key"}
[debug] [2022-05-26T13:09:21.006Z] >>> [apiv2][query] GET https://api.github.com/repos/pippa789/firebase-social-website /actions/secrets/public-key type=owner
[debug] [2022-05-26T13:09:21.015Z] <<< [apiv2][status] GET https://api.github.com/repos//actions/secrets/public-key 404
[debug] [2022-05-26T13:09:21.015Z] <<< [apiv2][body] GET https://api.github.com/repos//actions/secrets/public-key {"message":"Not Found","documentation_url":"https://docs.github.com/rest"}
[debug] [2022-05-26T13:09:21.017Z] <<< [apiv2][status] GET https://api.github.com/repos//actions/secrets/public-key 404
[debug] [2022-05-26T13:09:21.017Z] <<< [apiv2][body] GET https://api.github.com/repos//actions/secrets/public-key {"message":"Not Found","documentation_url":"https://docs.github.com/rest"}
[debug] [2022-05-26T13:09:21.031Z] >>> [apiv2][query] GET https://api.github.com/repos//actions/secrets/public-key type=owner
[debug] [2022-05-26T13:09:21.056Z] <<< [apiv2][status] GET https://api.github.com/repos//actions/secrets/public-key 404
[debug] [2022-05-26T13:09:21.056Z] <<< [apiv2][body] GET https://api.github.com/repos//actions/secrets/public-key {"message":"Not Found","documentation_url":"https://docs.github.com/rest"}
[debug] [2022-05-26T13:09:21.060Z] >>> [apiv2][query] GET https://api.github.com/repos//actions/secrets/public-key type=owner
[debug] [2022-05-26T13:09:21.090Z] >>> [apiv2][query] GET https://api.github.com/repos//actions/secrets/public-key type=owner
[debug] [2022-05-26T13:09:21.108Z] <<< [apiv2][status] GET https://api.github.com/repos//actions/secrets/public-key 404
[debug] [2022-05-26T13:09:21.108Z] <<< [apiv2][body] GET https://api.github.com/repos//actions/secrets/public-key {"message":"Not Found","documentation_url":"https://docs.github.com/rest"}
[debug] [2022-05-26T13:09:21.114Z] <<< [apiv2][status] GET https://api.github.com/repos//actions/secrets/public-key 404
[debug] [2022-05-26T13:09:21.114Z] <<< [apiv2][body] GET https://api.github.com/repos//actions/secrets/public-key {"message":"Not Found","documentation_url":"https://docs.github.com/rest"}
[debug] [2022-05-26T13:09:21.124Z] >>> [apiv2][query] GET https://api.github.com/repos//actions/secrets/public-key type=owner
[debug] [2022-05-26T13:09:21.155Z] >>> [apiv2][query] GET https://api.github.com/repos//actions/secrets/public-key type=owner
[debug] [2022-05-26T13:09:21.157Z] <<< [apiv2][status] GET https://api.github.com/repos//actions/secrets/public-key 404
[debug] [2022-05-26T13:09:21.157Z] <<< [apiv2][body] GET https://api.github.com/repos//actions/secrets/public-key {"message":"Not Found","documentation_url":"https://docs.github.com/rest"}
[debug] [2022-05-26T13:09:21.172Z] <<< [apiv2][status] GET https://api.github.com/repos//actions/secrets/public-key 404
[debug] [2022-05-26T13:09:21.172Z] <<< [apiv2][body] GET https://api.github.com/repos//actions/secrets/public-key {"message":"Not Found","documentation_url":"https://docs.github.com/rest"}
[debug] [2022-05-26T13:09:21.182Z] >>> [apiv2][query] GET https://api.github.com/repos//actions/secrets/public-key type=owner
[debug] [2022-05-26T13:09:21.209Z] <<< [apiv2][status] GET https://api.github.com/repos//actions/secrets/public-key 404
[debug] [2022-05-26T13:09:21.210Z] <<< [apiv2][body] GET https://api.github.com/repos//actions/secrets/public-key {"message":"Not Found","documentation_url":"https://docs.github.com/rest"}
[debug] [2022-05-26T13:09:21.217Z] >>> [apiv2][query] GET https://api.github.com/repos//actions/secrets/public-key type=owner
[debug] [2022-05-26T13:09:21.222Z] <<< [apiv2][status] GET https://api.github.com/repos//actions/secrets/public-key 404
[debug] [2022-05-26T13:09:21.222Z] <<< [apiv2][body] GET https://api.github.com/repos//actions/secrets/public-key {"message":"Not Found","documentation_url":"https://docs.github.com/rest"}
[debug] [2022-05-26T13:09:21.242Z] >>> [apiv2][query] GET https://api.github.com/repos//actions/secrets/public-key type=owner
[debug] [2022-05-26T13:09:21.273Z] >>> [apiv2][query] GET https://api.github.com/repos//actions/secrets/public-key type=owner
[debug] [2022-05-26T13:09:21.277Z] <<< [apiv2][status] GET https://api.github.com/repos/pippa789/firebase-social-website /actions/secrets/public-key 404
[debug] [2022-05-26T13:09:21.277Z] <<< [apiv2][body] GET https://api.github.com/repos/pippa789/firebase-social-website /actions/secrets/public-key {"message":"Not Found","documentation_url":"https://docs.github.com/rest/reference/actions#get-a-repository-public-key"}
[debug] [2022-05-26T13:09:21.294Z] <<< [apiv2][status] GET https://api.github.com/repos//actions/secrets/public-key 404
[debug] [2022-05-26T13:09:21.294Z] <<< [apiv2][body] GET https://api.github.com/repos//actions/secrets/public-key {"message":"Not Found","documentation_url":"https://docs.github.com/rest"}
[debug] [2022-05-26T13:09:21.316Z] <<< [apiv2][status] GET https://api.github.com/repos//actions/secrets/public-key 404
[debug] [2022-05-26T13:09:21.317Z] <<< [apiv2][body] GET https://api.github.com/repos//actions/secrets/public-key {"message":"Not Found","documentation_url":"https://docs.github.com/rest"}
[debug] [2022-05-26T13:09:21.362Z] <<< [apiv2][status] GET https://api.github.com/repos//actions/secrets/public-key 404
[debug] [2022-05-26T13:09:21.363Z] <<< [apiv2][body] GET https://api.github.com/repos//actions/secrets/public-key {"message":"Not Found","documentation_url":"https://docs.github.com/rest"}
[debug] [2022-05-26T13:09:21.380Z] <<< [apiv2][status] GET https://api.github.com/repos//actions/secrets/public-key 404
[debug] [2022-05-26T13:09:21.380Z] <<< [apiv2][body] GET https://api.github.com/repos//actions/secrets/public-key {"message":"Not Found","documentation_url":"https://docs.github.com/rest"}
[debug] [2022-05-26T13:09:21.417Z] <<< [apiv2][status] GET https://api.github.com/repos//actions/secrets/public-key 404
[debug] [2022-05-26T13:09:21.417Z] <<< [apiv2][body] GET https://api.github.com/repos//actions/secrets/public-key {"message":"Not Found","documentation_url":"https://docs.github.com/rest"}
[debug] [2022-05-26T13:09:21.422Z] <<< [apiv2][status] GET https://api.github.com/repos//actions/secrets/public-key 404
[debug] [2022-05-26T13:09:21.422Z] <<< [apiv2][body] GET https://api.github.com/repos//actions/secrets/public-key {"message":"Not Found","documentation_url":"https://docs.github.com/rest"}
[debug] [2022-05-26T13:09:21.474Z] <<< [apiv2][status] GET https://api.github.com/repos//actions/secrets/public-key 404
[debug] [2022-05-26T13:09:21.474Z] <<< [apiv2][body] GET https://api.github.com/repos//actions/secrets/public-key {"message":"Not Found","documentation_url":"https://docs.github.com/rest"}
[debug] [2022-05-26T13:09:21.536Z] <<< [apiv2][status] GET https://api.github.com/repos//actions/secrets/public-key 404
[debug] [2022-05-26T13:09:21.537Z] <<< [apiv2][body] GET https://api.github.com/repos//actions/secrets/public-key {"message":"Not Found","documentation_url":"https://docs.github.com/rest"}
[debug] [2022-05-26T13:09:21.544Z] <<< [apiv2][status] GET https://api.github.com/repos//actions/secrets/public-key 404
[debug] [2022-05-26T13:09:21.545Z] <<< [apiv2][body] GET https://api.github.com/repos//actions/secrets/public-key {"message":"Not Found","documentation_url":"https://docs.github.com/rest"}
[debug] [2022-05-26T13:13:37.245Z] >>> [apiv2][query] GET https://api.github.com/repos/USERNAME/REPOSITORYNAME/actions/secrets/public-key type=owner
[debug] [2022-05-26T13:13:37.566Z] <<< [apiv2][status] GET https://api.github.com/repos/USERNAME/REPOSITORYNAME/actions/secrets/public-key 404
[debug] [2022-05-26T13:13:37.566Z] <<< [apiv2][body] GET https://api.github.com/repos/USERNAME/REPOSITORYNAME/actions/secrets/public-key {"message":"Not Found","documentation_url":"https://docs.github.com/rest/reference/actions#get-a-repository-public-key"}
[debug] [2022-05-26T13:13:55.499Z] >>> [apiv2][query] GET https://api.github.com/repos/USERNAME/REPOSITORYNAME/actions/secrets/public-key type=owner
[debug] [2022-05-26T13:13:55.788Z] <<< [apiv2][status] GET https://api.github.com/repos/USERNAME/REPOSITORYNAME/actions/secrets/public-key 404
[debug] [2022-05-26T13:13:55.789Z] <<< [apiv2][body] GET https://api.github.com/repos/USERNAME/REPOSITORYNAME/actions/secrets/public-key {"message":"Not Found","documentation_url":"https://docs.github.com/rest/reference/actions#get-a-repository-public-key"}
[debug] [2022-05-26T13:15:40.833Z] >>> [apiv2][query] GET https://api.github.com/repos/USERNAME/REPOSITORYNAME/actions/secrets/public-key type=owner
[debug] [2022-05-26T13:15:41.168Z] <<< [apiv2][status] GET https://api.github.com/repos/USERNAME/REPOSITORYNAME/actions/secrets/public-key 404
[debug] [2022-05-26T13:15:41.168Z] <<< [apiv2][body] GET https://api.github.com/repos/USERNAME/REPOSITORYNAME/actions/secrets/public-key {"message":"Not Found","documentation_url":"https://docs.github.com/rest/reference/actions#get-a-repository-public-key"}
